<?xml version="1.0" encoding="UTF-8"?>
<!-- Generated by org.testng.reporters.JUnitReportReporter -->
<testsuite hostname="DESKTOP-U0N3L5E" failures="0" tests="1" name="com.AutomateWebApp2.demo.LoginTest" time="35.079" errors="0" timestamp="2022-09-30T13:31:55 IST" skipped="0">
  <testcase classname="com.AutomateWebApp2.demo.LoginTest" name="FlipcartLoginTest" time="35.079"/>
  <system-out/>
</testsuite> <!-- com.AutomateWebApp2.demo.LoginTest -->
