<?xml version="1.0" encoding="UTF-8"?>
<!-- Generated by org.testng.reporters.JUnitReportReporter -->
<testsuite hostname="DESKTOP-U0N3L5E" failures="0" tests="1" name="com.AutomateWebApp2.demo.CartTest" time="53.083" errors="0" timestamp="2022-09-30T13:39:39 IST" skipped="0">
  <testcase classname="com.AutomateWebApp2.demo.CartTest" name="FlipcartCartTest" time="53.083"/>
  <system-out/>
</testsuite> <!-- com.AutomateWebApp2.demo.CartTest -->
