<?xml version="1.0" encoding="UTF-8"?>
<!-- Generated by org.testng.reporters.JUnitReportReporter -->
<testsuite hostname="DESKTOP-U0N3L5E" failures="0" tests="1" name="com.AutomateWebApp2.demo.NavbarTest" time="70.991" errors="0" timestamp="2022-09-30T13:41:52 IST" skipped="0">
  <testcase classname="com.AutomateWebApp2.demo.NavbarTest" name="FlipcartNavbarTest" time="70.991"/>
  <system-out/>
</testsuite> <!-- com.AutomateWebApp2.demo.NavbarTest -->
