<?xml version="1.0" encoding="UTF-8"?>
<!-- Generated by org.testng.reporters.JUnitReportReporter -->
<testsuite hostname="DESKTOP-U0N3L5E" failures="0" tests="7" name="AutomateFlipcart.NewTest" time="35.498" errors="0" timestamp="2022-10-11T15:08:25 IST" skipped="0">
  <testcase classname="AutomateFlipcart.NewTest" name="closeLogin" time="1.327"/>
  <system-out/>
  <testcase classname="AutomateFlipcart.NewTest" name="scroll" time="6.717"/>
  <system-out/>
  <testcase classname="AutomateFlipcart.NewTest" name="searchProduct" time="6.291"/>
  <system-out/>
  <testcase classname="AutomateFlipcart.NewTest" name="loadImage" time="9.638"/>
  <system-out/>
  <testcase classname="AutomateFlipcart.NewTest" name="scrollFrequency" time="2.841"/>
  <system-out/>
  <testcase classname="AutomateFlipcart.NewTest" name="downloadImages" time="0.391"/>
  <system-out/>
  <testcase classname="AutomateFlipcart.NewTest" name="screenResolution" time="8.293"/>
  <system-out/>
</testsuite> <!-- AutomateFlipcart.NewTest -->
