<?xml version="1.0" encoding="UTF-8"?>
<!-- Generated by org.testng.reporters.JUnitReportReporter -->
<testsuite hostname="DESKTOP-U0N3L5E" failures="0" tests="1" name="AutomateFlipcart.SearchTest" time="61.007" errors="0" timestamp="2022-10-10T15:36:45 IST" skipped="0">
  <testcase classname="AutomateFlipcart.SearchTest" name="FlipcartSearchTest" time="61.007"/>
  <system-out/>
</testsuite> <!-- AutomateFlipcart.SearchTest -->
